08:51:10 | INFO | =============================================
08:51:10 | INFO | ================= GOLD LAYER ================
08:51:10 | INFO | =============================================
08:51:10 | INFO | 
08:51:10 | INFO | =============================================
08:51:10 | INFO | ============== DIMENSION TABLES =============
08:51:10 | INFO | =============================================
08:51:10 | INFO | =====
08:51:10 | INFO | ======================= CREATING dim_date.pkl
08:51:10 | INFO | ========================= SAVING dim_date.pkl
08:51:10 | INFO | TABLE ROWS & COLUMNS: 517 & 9
08:51:10 | INFO | TABLE CREATING TIME
08:51:10 | INFO | 0:00:00.008158
08:51:10 | INFO | =============== CREATING dim_payment_mode.pkl
08:51:10 | INFO | ================= SAVING dim_payment_mode.pkl
08:51:10 | INFO | TABLE ROWS & COLUMNS: 4 & 2
08:51:10 | INFO | TABLE CREATING TIME
08:51:10 | INFO | 0:00:00.000813
08:51:10 | INFO | =============== CREATING dim_order_status.pkl
08:51:10 | INFO | ================= SAVING dim_order_status.pkl
08:51:10 | INFO | TABLE ROWS & COLUMNS: 3 & 2
08:51:10 | INFO | TABLE CREATING TIME
08:51:10 | INFO | 0:00:00.000733
08:51:10 | INFO | ===================== LOADING restaurants.pkl
08:51:10 | INFO | ================= CREATING dim_restaurant.pkl
08:51:10 | INFO | =================== SAVING dim_restaurant.pkl
08:51:10 | INFO | TABLE ROWS & COLUMNS: 50 & 6
08:51:10 | INFO | TABLE CREATING TIME
08:51:10 | INFO | 0:00:00.001739
08:51:10 | INFO | =================== LOADING dim_employees.pkl
08:51:10 | INFO | ================== CREATING dim_employees.pkl
08:51:10 | INFO | ==================== SAVING dim_employees.pkl
08:51:10 | INFO | TABLE ROWS & COLUMNS: 547 & 3
08:51:10 | INFO | TABLE CREATING TIME
08:51:10 | INFO | 0:00:00.001661
08:51:10 | INFO | ======================= LOADING customers.pkl
08:51:10 | INFO | =================== CREATING dim_customer.pkl
08:51:10 | INFO | ===================== SAVING dim_customer.pkl
08:51:10 | INFO | TABLE ROWS & COLUMNS: 99246 & 4
08:51:10 | INFO | TABLE CREATING TIME
08:51:10 | INFO | 0:00:00.069210
08:51:10 | INFO | =================== LOADING dim_employess.pkl
08:51:10 | INFO | ================== CREATING dim_employess.pkl
08:51:10 | INFO | ==================== SAVING dim_employess.pkl
08:51:10 | INFO | TABLE ROWS & COLUMNS: 547 & 3
08:51:10 | INFO | TABLE CREATING TIME
08:51:10 | INFO | 0:00:00.004532
08:51:10 | INFO | ====================== LOADING menu_items.pkl
08:51:10 | INFO | ================== CREATING dim_menu_item.pkl
08:51:10 | INFO | ==================== SAVING dim_menu_item.pkl
08:51:10 | INFO | TABLE ROWS & COLUMNS: 299 & 5
08:51:10 | INFO | TABLE CREATING TIME
08:51:10 | INFO | 0:00:00.001956
08:51:10 | INFO | =============== LOADING delivery_partners.pkl
08:51:10 | INFO | =========== CREATING dim_delivery_partner.pkl
08:51:10 | INFO | ============= SAVING dim_delivery_partner.pkl
08:51:10 | INFO | TABLE ROWS & COLUMNS: 199 & 4
08:51:10 | INFO | TABLE CREATING TIME
08:51:10 | INFO | 0:00:00.002075
08:51:10 | INFO | 
08:51:10 | INFO | DIMENSION TABLES CREATING TIME
08:51:10 | INFO | 0:00:00.091592
08:51:10 | INFO | 
08:51:10 | INFO | =============================================
08:51:10 | INFO | ================= FACT TABLE ================
08:51:10 | INFO | =============================================
08:51:10 | INFO | =====
08:51:10 | INFO | LOAD & JOIN kitchen_logs, order_items, orders
08:51:13 | INFO | =========== LOAD & JOIN dim_payment_modes.pkl
08:51:13 | INFO | ============ LOAD & JOIN dim_order_status.pkl
08:51:14 | INFO | =============== LOAD & JOIN dim_customers.pkl
08:51:14 | INFO | ============= LOAD & JOIN dim_restaurents.pkl
08:51:15 | INFO | ============== LOAD & JOIN dim_menu_items.pkl
08:51:15 | INFO | =============== LOAD & JOIN dim_employess.pkl
08:51:15 | INFO | ======= LOAD & JOIN dim_delivery_partners.pkl
08:51:16 | INFO | ============================ Assign Variables
08:51:21 | INFO | ========================= CREATING DATA_FRAME
08:51:21 | INFO | ======================= SAVING fact_sales.pkl
08:51:24 | INFO | TABLE ROWS & COLUMNS: 1302783 & 17
08:51:24 | INFO | TABLE CREATING TIME
08:51:24 | INFO | 0:00:13.639280
08:51:24 | INFO | 
08:51:24 | INFO | TOTAL GOLD LAYER TIME
08:51:24 | INFO | 0:00:13.731163
08:51:24 | INFO | 
08:51:24 | INFO | =============================================
08:51:24 | INFO | ============ GOLD LAYER COMPLETED ===========
08:51:24 | INFO | =============================================
